<?xml version="1.0" encoding="UTF-8"?>
<testng-results ignored="0" total="1" passed="1" failed="0" skipped="0">
  <reporter-output>
  </reporter-output>
  <suite started-at="2022-09-16T06:13:30Z" name="Suite" finished-at="2022-09-16T06:13:36Z" duration-ms="5765">
    <groups>
    </groups>
    <test started-at="2022-09-16T06:13:30Z" name="Test" finished-at="2022-09-16T06:13:36Z" duration-ms="5765">
      <class name="AutomationPom.ProjectJenkin.FirstTest1">
        <test-method signature="FirstTest()[pri:0, instance:AutomationPom.ProjectJenkin.FirstTest1@4c1909a3]" started-at="2022-09-16T06:13:30Z" name="FirstTest" finished-at="2022-09-16T06:13:36Z" duration-ms="5748" status="PASS">
          <reporter-output>
          </reporter-output>
        </test-method> <!-- FirstTest -->
      </class> <!-- AutomationPom.ProjectJenkin.FirstTest1 -->
    </test> <!-- Test -->
  </suite> <!-- Suite -->
</testng-results>
